# Fmax PDF over 2097152 particles
# 1-2: F interval
# 3: number of particles in that interval
#
    0.0      0.1  157040
    0.1      0.2  80011
    0.2      0.3  68037
    0.3      0.4  60324
    0.4      0.5  53713
    0.5      0.6  48106
    0.6      0.7  43555
    0.7      0.8  46112
    0.8      0.9  50802
    0.9      1.0  54232
    1.0      1.1  55926
    1.1      1.2  56982
    1.2      1.3  56186
    1.3      1.4  54514
    1.4      1.5  52181
    1.5      1.6  49782
    1.6      1.7  47785
    1.7      1.8  44727
    1.8      1.9  42384
    1.9      2.0  40762
    2.0      2.1  39097
    2.1      2.2  37504
    2.2      2.3  36635
    2.3      2.4  35075
    2.4      2.5  34424
    2.5      2.6  33589
    2.6      2.7  32732
    2.7      2.8  32084
    2.8      2.9  31312
    2.9      3.0  30309
    3.0      3.1  29531
    3.1      3.2  28756
    3.2      3.3  28294
    3.3      3.4  26855
    3.4      3.5  26339
    3.5      3.6  25273
    3.6      3.7  24250
    3.7      3.8  23424
    3.8      3.9  22835
    3.9      4.0  21361
    4.0      4.1  20946
    4.1      4.2  19839
    4.2      4.3  18972
    4.3      4.4  18232
    4.4      4.5  17359
    4.5      4.6  16408
    4.6      4.7  15621
    4.7      4.8  14781
    4.8      4.9  13697
    4.9      5.0  13074
    5.0      5.1  12328
    5.1      5.2  11544
    5.2      5.3  10954
    5.3      5.4  10450
    5.4      5.5  9660
    5.5      5.6  8810
    5.6      5.7  8313
    5.7      5.8  7778
    5.8      5.9  7353
    5.9      6.0  6862
    6.0      6.1  6217
    6.1      6.2  5816
    6.2      6.3  5242
    6.3      6.4  4926
    6.4      6.5  4606
    6.5      6.6  4231
    6.6      6.7  3808
    6.7      6.8  3611
    6.8      6.9  3261
    6.9      7.0  2982
    7.0      7.1  2689
    7.1      7.2  2533
    7.2      7.3  2218
    7.3      7.4  2004
    7.4      7.5  1792
    7.5      7.6  1651
    7.6      7.7  1481
    7.7      7.8  1346
    7.8      7.9  1214
    7.9      8.0  1133
    8.0      8.1  1006
    8.1      8.2  880
    8.2      8.3  738
    8.3      8.4  705
    8.4      8.5  605
    8.5      8.6  539
    8.6      8.7  501
    8.7      8.8  445
    8.8      8.9  410
    8.9      9.0  318
    9.0      9.1  294
    9.1      9.2  266
    9.2      9.3  246
    9.3      9.4  233
    9.4      9.5  175
    9.5      9.6  142
    9.6      9.7  148
    9.7      9.8  119
    9.8      9.9  98
    9.9     10.0  97
   10.0     10.1  87
   10.1     10.2  73
   10.2     10.3  65
   10.3     10.4  49
   10.4     10.5  47
   10.5     10.6  39
   10.6     10.7  35
   10.7     10.8  27
   10.8     10.9  32
   10.9     11.0  22
   11.0     11.1  15
   11.1     11.2  25
   11.2     11.3  9
   11.3     11.4  9
   11.4     11.5  15
   11.5     11.6  10
   11.6     11.7  7
   11.7     11.8  7
   11.8     11.9  6
   11.9     12.0  5
   12.0     12.1  5
   12.1     12.2  2
   12.2     12.3  2
   12.3     12.4  3
   12.4     12.5  2
   12.5     12.6  0
   12.6     12.7  1
   12.7     12.8  1
   12.8     12.9  2
   12.9     13.0  0
   13.0     13.1  0
   13.1     13.2  1
   13.2     13.3  0
   13.3     13.4  0
   13.4     13.5  0
   13.5     13.6  0
   13.6     13.7  0
   13.7     13.8  0
   13.8     13.9  0
   13.9     14.0  0
   14.0     14.1  0
   14.1     14.2  1
   14.2     14.3  0
   14.3     14.4  0
   14.4     14.5  1
   14.5     14.6  0
   14.6     14.7  0
   14.7     14.8  0
   14.8     14.9  0
   14.9     15.0  0
   15.0     15.1  0
   15.1     15.2  0
   15.2     15.3  0
   15.3     15.4  0
   15.4     15.5  0
   15.5     15.6  0
   15.6     15.7  0
   15.7     15.8  0
   15.8     15.9  0
   15.9     16.0  0
   16.0     16.1  0
   16.1     16.2  0
   16.2     16.3  0
   16.3     16.4  0
   16.4     16.5  0
   16.5     16.6  0
   16.6     16.7  0
   16.7     16.8  0
   16.8     16.9  0
   16.9     17.0  0
   17.0     17.1  0
   17.1     17.2  0
   17.2     17.3  0
   17.3     17.4  0
   17.4     17.5  0
   17.5     17.6  0
   17.6     17.7  0
   17.7     17.8  0
   17.8     17.9  0
   17.9     18.0  0
   18.0     18.1  0
   18.1     18.2  0
   18.2     18.3  0
   18.3     18.4  0
   18.4     18.5  0
   18.5     18.6  0
   18.6     18.7  0
   18.7     18.8  0
   18.8     18.9  0
   18.9     19.0  0
   19.0     19.1  0
   19.1     19.2  0
   19.2     19.3  0
   19.3     19.4  0
   19.4     19.5  0
   19.5     19.6  0
   19.6     19.7  0
   19.7     19.8  0
   19.8     19.9  0
   19.9     20.0  0
   20.0     20.1  0
   20.1     20.2  0
   20.2     20.3  0
   20.3     20.4  0
   20.4     20.5  0
   20.5     20.6  0
   20.6     20.7  0
   20.7     20.8  0
   20.8     20.9  0
   20.9    999.0  0
