# Cosmological quantities used in PINOCCHIO (h=0.676600)
# TIME-DEPENDENT QUANTITIES
# 1: scale factor
# 2: cosmic time (Gyr)
# 3: comoving distance (Mpc)
# 4: diameter distance (Mpc)
# 5: Omega matter
# 6: dark energy EOS
# 7: linear growth rate
# 8: 2nd-order growth rate
# 9: first 3rd-order growth rate
#10: second 3rd-order growth rate
#11: linear d ln D/d ln a
#12: 2nd-order d ln D/d ln a
#13: first 3rd-order d ln D/d ln a
#14: second 3rd-order d ln D/d ln a
# SCALE-DEPENDENT QUANTITIES
#15: smoothing scale R (Mpc)
#16: Gaussian-filtered mass variance sigma_G^2(R)
#17: Gaussian-filtered displacement variance
#18: d Log sigma_G^2 / d Log R
# POWER SPECTRUM
#19: k (true Mpc^-1)
#20: P(k)
#
       0.0001   6.8332e-06      14119.4      1.41194     0.253163           -1   0.00035386  3.34868e-08  3.40427e-12  3.17259e-12      0.41686      1.12857      1.79935      1.80034          1e-06      2392.54      490.795    -0.283674         0.0001      4392.03
  0.000104713  7.46029e-06      14117.5      1.47828     0.261969           -1  0.000360778  3.52875e-08   3.6992e-12  3.44782e-12     0.424017      1.14611      1.80898      1.81282    1.09648e-06      2330.84      490.795    -0.283825      0.0001068       4676.6
  0.000109648  8.14374e-06      14115.6      1.54774      0.27097           -1  0.000367954  3.72149e-08  4.02146e-12  3.74909e-12     0.431376      1.16344      1.81862      1.82528    1.20226e-06      2270.67      490.795      -0.2842    0.000114062      4979.61
  0.000114815  8.88846e-06      14113.5      1.62045     0.280162           -1  0.000375401  3.92787e-08  4.37373e-12  4.07902e-12     0.438929      1.18055      1.82828      1.83772    1.31826e-06      2211.96      490.795    -0.284318    0.000121819      5302.25
  0.000120226  9.69978e-06      14111.4      1.69656     0.289543           -1  0.000383135  4.14894e-08  4.75899e-12  4.44053e-12     0.446672      1.19742        1.838      1.85019    1.44544e-06      2154.81      490.795    -0.284364    0.000130103       5645.8
  0.000125893  1.05835e-05      14109.2      1.77624     0.299107           -1  0.000391169  4.38584e-08  5.18051e-12  4.83686e-12     0.454597      1.21405      1.84779      1.86269    1.58489e-06      2099.07      490.795    -0.284612     0.00013895       6011.6
  0.000131826  1.15458e-05      14106.9      1.85965      0.30885           -1  0.000399518  4.63978e-08  5.64192e-12  5.27161e-12     0.462697      1.23044      1.85769      1.87526     1.7378e-06      2044.75      490.795    -0.284959    0.000148398      6401.11
  0.000138038  1.25934e-05      14104.5      1.94697     0.318766           -1    0.0004082  4.91211e-08  6.14725e-12  5.74877e-12     0.470964      1.24657      1.86771       1.8879    1.90546e-06      1991.73      490.795    -0.285047    0.000158489      6815.86
  0.000144544  1.37337e-05      14102.1      2.03837     0.328848           -1  0.000417231  5.20426e-08  6.70095e-12  6.27278e-12      0.47939      1.26244      1.87788      1.90064     2.0893e-06      1940.15      490.795    -0.285088    0.000169267      7257.47
  0.000151356  1.49746e-05      14099.5      2.13404     0.339091           -1  0.000426628  5.51778e-08  7.30798e-12  6.84859e-12     0.487966      1.27806      1.88821       1.9135    2.29087e-06      1889.84      490.795     -0.28551    0.000180777       7727.7
  0.000158489  1.63247e-05      14096.8      2.23419     0.349487           -1  0.000436411  5.85436e-08  7.97382e-12  7.48171e-12     0.496683      1.29342      1.89872      1.92648    2.51189e-06      1840.75      490.795    -0.285588     0.00019307       8228.4
  0.000165959  1.77931e-05        14094      2.33903     0.360028           -1  0.000446599  6.21583e-08  8.70457e-12  8.17827e-12     0.505531      1.30852      1.90942      1.93959    2.75423e-06      1792.99      490.795    -0.285702    0.000206199      8761.54
   0.00017378  1.93899e-05      14091.2      2.44876     0.370706           -1  0.000457212  6.60417e-08  9.50702e-12  8.94511e-12       0.5145      1.32336      1.92033      1.95286    3.01995e-06      1746.38      490.795    -0.286071     0.00022022      9329.23
   0.00018197  2.11259e-05      14088.2      2.56362     0.381511           -1  0.000468272  7.02153e-08  1.03887e-11  9.78986e-12     0.523578      1.33795      1.93146      1.96627    3.31131e-06      1700.95      490.795    -0.286303    0.000235195      9933.69
  0.000190546  2.30127e-05      14085.1      2.68385     0.392435           -1  0.000479802  7.47024e-08  1.13581e-11  1.07211e-11     0.532756      1.35229      1.94282      1.97985    3.63078e-06      1656.66      490.795    -0.286541    0.000251189      10577.3
  0.000199526  2.50629e-05      14081.8      2.80969     0.403468           -1  0.000491823  7.95283e-08  1.24244e-11  1.17482e-11     0.542022      1.36638      1.95442       1.9936    3.98107e-06       1613.5      490.795    -0.286783     0.00026827      11262.7
   0.00020893  2.72901e-05      14078.5      2.94141     0.414599           -1  0.000504363  8.47205e-08  1.35982e-11   1.2882e-11     0.551364      1.38023      1.96626      2.00751    4.36516e-06      1571.42      490.795    -0.287104    0.000286512      11992.4
  0.000218776   2.9709e-05        14075      3.07928     0.425818           -1  0.000517445  9.03087e-08  1.48912e-11  1.41343e-11      0.56077      1.39384      1.97836       2.0216     4.7863e-06      1530.38      490.795    -0.287294    0.000305995      12769.4
  0.000229087  3.23354e-05      14071.4      3.22358     0.437114           -1  0.000531097  9.63253e-08  1.63162e-11  1.55184e-11     0.570229      1.40721      1.99071      2.03586    5.24807e-06      1490.42      490.795    -0.287491    0.000326803      13596.8
  0.000239883  3.51863e-05      14067.7       3.3746     0.448476           -1  0.000545348  1.02806e-07  1.78879e-11  1.70494e-11     0.579729      1.42035      2.00331      2.05028     5.7544e-06      1451.45      490.779    -0.287832    0.000349025      14477.7
  0.000251189  3.82802e-05      14063.8      3.53267     0.459892           -1  0.000560226  1.09788e-07  1.96225e-11  1.87439e-11     0.589256      1.43327      2.01618      2.06488    6.30957e-06      1413.45      490.795    -0.287973    0.000372759      15414.7
  0.000263027  4.16368e-05      14059.8      3.69811      0.47135           -1  0.000575763  1.17313e-07  2.15381e-11  2.06208e-11     0.598801      1.44596       2.0293      2.07963    6.91831e-06      1376.46      490.802    -0.288401    0.000398107      16410.8
  0.000275423  4.52775e-05      14055.7      3.87126     0.482838           -1  0.000591992  1.25427e-07  2.36552e-11  2.27011e-11     0.608349      1.45845      2.04268      2.09454    7.58578e-06      1340.32      490.795    -0.288836    0.000425179      17469.4
  0.000288403  4.92254e-05      14051.4      4.05246     0.494345           -1  0.000608945  1.34178e-07  2.59966e-11  2.50085e-11      0.61789      1.47072      2.05631       2.1096    8.31764e-06      1305.14      490.795    -0.289001    0.000454091      18594.3
  0.000301995  5.35051e-05      14046.9      4.24211     0.505857           -1  0.000626659  1.43621e-07  2.85878e-11  2.75697e-11     0.627411      1.48278      2.07019      2.12481    9.12011e-06      1270.84      490.795    -0.289283    0.000484969        19789
  0.000316228  5.81433e-05      14042.3      4.44058     0.517363           -1   0.00064517  1.53813e-07  3.14576e-11  3.04145e-11     0.636901      1.49465      2.08431      2.14014          1e-05      1237.41      490.795    -0.289472    0.000517947      21057.6
  0.000331131  6.31688e-05      14037.6      4.64828     0.528851           -1  0.000664518  1.64817e-07  3.46382e-11  3.35767e-11     0.646348      1.50632      2.09866       2.1556    1.09648e-05      1204.85      490.795    -0.289999    0.000553168      22404.1
  0.000346737  6.86125e-05      14032.7      4.86564     0.540308           -1  0.000684743  1.76703e-07  3.81657e-11  3.70942e-11     0.655742       1.5178      2.11324      2.17116    1.20226e-05      1173.04      490.795    -0.290383    0.000590784      23832.8
  0.000363078  7.45075e-05      14027.6       5.0931     0.551723           -1  0.000705888  1.89545e-07   4.2081e-11  4.10096e-11     0.665071      1.52909      2.12804      2.18683    1.31826e-05      1142.09      490.797    -0.290659    0.000630957        25348
  0.000380189  8.08897e-05      14022.3      5.33113     0.563084           -1  0.000727998  2.03426e-07  4.64297e-11  4.53711e-11     0.674325       1.5402      2.14303      2.20258    1.44544e-05      1111.89      490.795     -0.29111    0.000673863      26954.1
  0.000398107  8.77975e-05      14016.9      5.58021     0.574379           -1  0.000751118  2.18434e-07  5.12635e-11   5.0233e-11     0.683494      1.55113      2.15823       2.2184    1.58489e-05      1082.46      490.787    -0.291388    0.000719686      28655.8
  0.000416869  9.52722e-05      14011.2      5.84085     0.585597           -1  0.000775299  2.34666e-07  5.66404e-11  5.56565e-11     0.692568      1.56188       2.1736      2.23428     1.7378e-05      1053.78      490.786    -0.291768    0.000768625      30457.6
  0.000436516  0.000103358      14005.4      6.11359     0.596726           -1   0.00080059  2.52228e-07  6.26258e-11  6.17107e-11     0.701539      1.57246      2.18913      2.25021    1.90546e-05      1025.82      490.788    -0.292163    0.000820891      32364.4
  0.000457088  0.000112103      13999.4      6.39897     0.607757           -1  0.000827047  2.71236e-07  6.92935e-11  6.84738e-11     0.710398      1.58287      2.20481      2.26616     2.0893e-05      998.565      490.795    -0.292553    0.000876712      34380.8
   0.00047863  0.000121559      13993.2      6.69758     0.618679           -1  0.000854723  2.91815e-07  7.67268e-11  7.60339e-11     0.719137      1.59311      2.22063      2.28213    2.29087e-05      972.001      490.795    -0.293232    0.000936329      36511.6
  0.000501187   0.00013178      13986.8      7.01002     0.629483           -1  0.000883679  3.14102e-07  8.50196e-11  8.44908e-11     0.727749      1.60318      2.23657      2.29809    2.51189e-05      946.058      490.795    -0.293414          0.001      38761.4
  0.000524807  0.000142826      13980.2      7.33692     0.640158           -1  0.000913976  3.38247e-07   9.4278e-11  9.39573e-11     0.736225      1.61308       2.2526      2.31404    2.75423e-05       920.86      490.795    -0.293588       0.001068      41134.7
  0.000549541  0.000154761      13973.4      7.67896     0.650696           -1  0.000945677  3.64412e-07  1.04622e-10  1.04561e-10     0.744561      1.62283      2.26872      2.32995    3.01995e-05      896.254      490.795    -0.294295     0.00114062      43636.1
   0.00057544  0.000167652      13966.4      8.03681     0.661089           -1   0.00097885  3.92776e-07  1.16188e-10  1.16447e-10      0.75275      1.63241      2.28491      2.34581    3.31131e-05      872.268      490.795    -0.294754     0.00121819      46269.6
   0.00060256  0.000181574      13959.1      8.41121      0.67133           -1   0.00101357  4.23534e-07  1.29128e-10  1.29778e-10     0.760786      1.64183      2.30114      2.36161    3.63078e-05      848.888      490.795    -0.295239     0.00130103      49039.2
  0.000630957  0.000196604      13951.7       8.8029     0.681409           -1    0.0010499  4.56896e-07  1.43617e-10  1.44741e-10     0.768666      1.65109      2.31739      2.37733    3.98107e-05      826.097      490.795    -0.295566      0.0013895      51948.3
  0.000660693  0.000212828        13944      9.21268     0.691322           -1   0.00108792  4.93095e-07  1.59851e-10  1.61546e-10     0.776385      1.66019      2.33366      2.39295    4.36516e-05      803.906      490.795    -0.296238     0.00148398      55000.1
  0.000691831  0.000230337        13936      9.64137     0.701062           -1   0.00112772  5.32383e-07  1.78054e-10   1.8043e-10      0.78394      1.66914      2.34991      2.40847     4.7863e-05      782.225      490.795    -0.296813     0.00158489        58197
  0.000724436  0.000249227      13927.8      10.0898     0.710623           -1   0.00116937  5.75036e-07  1.98478e-10  2.01666e-10     0.791327      1.67792      2.36613      2.42386    5.24807e-05      761.133      490.796     -0.29729     0.00169267      61540.9
  0.000758578  0.000269603      13919.4       10.559         0.72           -1   0.00121298  6.21355e-07   2.2141e-10   2.2556e-10     0.798544      1.68656      2.38231      2.43911     5.7544e-05       740.54      490.796    -0.297962     0.00180777      65032.9
  0.000794328  0.000291578      13910.7      11.0497      0.72919           -1   0.00125862   6.7167e-07  2.47175e-10  2.52462e-10     0.805589      1.69503      2.39841      2.45421    6.30957e-05      720.482      490.795    -0.298421      0.0019307      68673.4
  0.000831764  0.000315272      13901.8       11.563     0.738187           -1    0.0013064  7.26341e-07  2.76142e-10  2.82768e-10      0.81246      1.70335      2.41443      2.46915    6.91831e-05      700.931      490.795    -0.299005     0.00206199      72461.6
  0.000870964  0.000340814      13892.6         12.1     0.746989           -1   0.00135641  7.85759e-07  3.08731e-10  3.16928e-10     0.819157      1.71151      2.43035      2.48391    7.58578e-05      681.872      490.795    -0.299783      0.0022022      76395.7
  0.000912011  0.000368342      13883.1      12.6616     0.755593           -1   0.00140877  8.50354e-07  3.45418e-10  3.55455e-10     0.825678      1.71952      2.44615      2.49848    8.31764e-05      663.273      490.795    -0.300224     0.00235195      80472.5
  0.000954993  0.000398006      13873.4       13.249     0.763998           -1   0.00146358  9.20596e-07  3.86746e-10  3.98932e-10     0.832024      1.72737       2.4618      2.51286    9.12011e-05      645.186      490.795     -0.30069     0.00251189      84687.6
        0.001  0.000429964      13863.4      13.8634       0.7722           -1   0.00152097  9.96997e-07  4.33328e-10  4.48021e-10     0.838195      1.73507      2.47731      2.52703         0.0001      627.534      490.795    -0.301908      0.0026827      89034.7
   0.00104713  0.000464388      13853.1      14.5059     0.780199           -1   0.00158104  1.08012e-06  4.85866e-10  5.03476e-10     0.844192      1.74262      2.49264      2.54098    0.000109648      610.285      490.795     -0.30221     0.00286512      93505.9
   0.00109648  0.000501461      13842.4      15.1779     0.787994           -1   0.00164394  1.17057e-06  5.45156e-10  5.66155e-10     0.850014      1.75001      2.50779       2.5547    0.000120226      593.554      490.795    -0.302541     0.00305995      98091.3
   0.00114815   0.00054138      13831.5      15.8807     0.795586           -1   0.00170979  1.26903e-06  6.12106e-10  6.37037e-10     0.855665      1.75725      2.52273      2.56819    0.000131826      577.204      490.795    -0.303637     0.00326803       102779
   0.00120226  0.000584356      13820.3      16.6157     0.802973           -1   0.00177874  1.37622e-06  6.87747e-10  7.17235e-10     0.861145      1.76434      2.53747      2.58144    0.000144544      561.267      490.795    -0.304374     0.00349025       107555
   0.00125893  0.000630615      13808.8      17.3843     0.810157           -1   0.00185092  1.49294e-06  7.73257e-10  8.08018e-10     0.866456      1.77128      2.55198      2.59444    0.000158489      545.732      490.795    -0.305146     0.00372759       112400
   0.00131826  0.000680399        13797      18.1879     0.817139           -1    0.0019265  1.62008e-06  8.69975e-10   9.1083e-10       0.8716      1.77806      2.56626      2.60719     0.00017378      530.588      490.795    -0.305935     0.00398107       117298
   0.00138038  0.000733969      13784.8      19.0283      0.82392           -1   0.00200563  1.75859e-06  9.79428e-10  1.02732e-09      0.87658      1.78469      2.58028      2.61968    0.000190546      515.827      490.794     -0.30668     0.00425179       122226
   0.00144544  0.000791603      13772.3       19.907     0.830502           -1   0.00208848  1.90952e-06  1.10336e-09  1.15937e-09     0.881398      1.79118      2.59406       2.6319     0.00020893      501.445      490.795      -0.3076     0.00454091       127156
   0.00151356  0.000853601      13759.4      20.8257     0.836886           -1   0.00217523  2.07401e-06  1.24375e-09  1.30912e-09     0.886057      1.79752      2.60756      2.64386    0.000229087      487.412      490.795    -0.308544     0.00484969       132054
   0.00158489  0.000920283      13746.2      21.7863     0.843076           -1   0.00226607  2.25332e-06  1.40287e-09  1.47902e-09      0.89056      1.80371       2.6208      2.65555    0.000251189       473.74      490.255     -0.30937     0.00517947       136886
   0.00165959  0.000991992      13732.7      22.7906     0.849072           -1   0.00236117  2.44883e-06   1.5833e-09  1.67186e-09      0.89491      1.80975      2.63375      2.66697    0.000275423      460.412      490.795    -0.310528     0.00553168       141620
    0.0017378    0.0010691      13718.8      23.8405      0.85488           -1   0.00246075  2.66202e-06  1.78799e-09  1.89083e-09     0.899111      1.81565      2.64642      2.67812    0.000301995      447.402      490.795    -0.311238     0.00590784       146214
    0.0018197   0.00115199      13704.5       24.938       0.8605           -1   0.00256502  2.89456e-06  2.02031e-09  2.13956e-09     0.903164      1.82141      2.65879        2.689    0.000331131      434.758      490.795    -0.311991     0.00630957       150625
   0.00190546    0.0012411      13689.8      26.0854     0.865937           -1    0.0026742  3.14824e-06   2.2841e-09   2.4222e-09     0.907075      1.82702      2.67088       2.6996    0.000363078      422.414      490.795    -0.313249     0.00673863       154800
   0.00199526   0.00133688      13674.7      27.2847     0.871193           -1   0.00278851  3.42502e-06  2.58375e-09  2.74351e-09     0.910846      1.83249      2.68266      2.70992    0.000398107      410.382      490.795    -0.314292     0.00719686       158687
    0.0020893   0.00143982      13659.3      28.5383     0.876273           -1   0.00290821  3.72706e-06  2.92428e-09  3.10889e-09      0.91448      1.83783      2.69415      2.71998    0.000436516      398.653      490.795    -0.315237     0.00768625       162229
   0.00218776   0.00155043      13643.4      29.8486      0.88118           -1   0.00303355  4.05672e-06  3.31142e-09  3.52455e-09     0.917982      1.84302      2.70533      2.72976     0.00047863       387.23      490.795    -0.316509     0.00820891       165363
   0.00229087   0.00166927      13627.1       31.218     0.885918           -1   0.00316479  4.41658e-06  3.75172e-09  3.99756e-09     0.921355      1.84809      2.71621      2.73928    0.000524807      376.075      490.795    -0.317807     0.00876712       168028
   0.00239883   0.00179696      13610.5      32.6492      0.89049           -1   0.00330221  4.80947e-06  4.25266e-09    4.536e-09     0.924602      1.85301      2.72679      2.74852     0.00057544      365.211      490.795    -0.318862     0.00936329       170157
   0.00251189   0.00193411      13593.3      34.1449     0.894901           -1    0.0034461  5.23849e-06  4.82281e-09  5.14913e-09     0.927727      1.85781      2.73707       2.7575    0.000630957      354.622      490.795    -0.320104           0.01       171683
   0.00263027   0.00208144      13575.8      35.7079     0.899155           -1   0.00359677  5.70702e-06  5.47194e-09  5.84752e-09     0.930734      1.86248      2.74705      2.76622    0.000691831      344.299      490.795    -0.321374        0.01068       172539
   0.00275423   0.00223966      13557.7      37.3411     0.903254           -1   0.00375454  6.21877e-06  6.21126e-09  6.64325e-09     0.933626      1.86701      2.75673      2.77468    0.000758578      334.238      490.795    -0.322707      0.0114062       172664
   0.00288403   0.00240958      13539.2      39.0476     0.907205           -1   0.00391974   6.7778e-06  7.05357e-09  7.55018e-09     0.936406      1.87143      2.76611      2.78289    0.000831764      324.429      490.795    -0.324079      0.0121819       172000
   0.00301995   0.00259205      13520.3      40.8306     0.911009           -1   0.00409272  7.38857e-06   8.0135e-09   8.5841e-09     0.939079      1.87571       2.7752      2.79084    0.000912011      314.868      490.794    -0.325486      0.0130103       170499
   0.00316228   0.00278796      13500.9      42.6935     0.914673           -1   0.00427385  8.05595e-06  9.10783e-09  9.76313e-09     0.941647      1.87988        2.784      2.79855          0.001      305.549      490.794    -0.326976       0.013895       168127
   0.00331131    0.0029983      13480.9      44.6396     0.918199           -1   0.00446352  8.78526e-06  1.03557e-08   1.1108e-08     0.944114      1.88393      2.79252      2.80602     0.00109648      296.463      490.794    -0.328489      0.0148398       164869
   0.00346737    0.0032241      13460.5      46.6725     0.921592           -1   0.00466212  9.58237e-06  1.17791e-08  1.26424e-08     0.946484      1.88786      2.80075      2.81324     0.00120226      287.608      490.794    -0.331254      0.0158489       160730
   0.00363078    0.0034665      13439.6      48.7961     0.924856           -1   0.00487008  1.04537e-05  1.34032e-08  1.43934e-08     0.948759      1.89167      2.80871      2.82023     0.00131826      278.914      490.794    -0.331653      0.0169267       155747
   0.00380189   0.00372667      13418.1      51.0142     0.927995           -1   0.00508784  1.14062e-05  1.52567e-08  1.63922e-08     0.950944      1.89538       2.8164        2.827     0.00144544      270.564      490.794    -0.332145      0.0180777       149987
   0.00398107   0.00400592      13396.1      53.3308     0.931012           -1   0.00531586  1.24475e-05  1.73725e-08  1.86742e-08      0.95304      1.89897      2.82382      2.83354     0.00158489      262.361      490.794    -0.335125       0.019307       143554
   0.00416869   0.00430562      13373.5      55.7502     0.933912           -1   0.00555462  1.35862e-05  1.97884e-08  2.12802e-08     0.955051      1.90245      2.83099      2.83986      0.0017378      254.366      490.794    -0.336924      0.0206199       136584
   0.00436516   0.00462724      13350.4      58.2767     0.936698           -1   0.00580463  1.48313e-05  2.25476e-08  2.42569e-08     0.956981      1.90583      2.83789      2.84596     0.00190546      246.573      490.794    -0.338811       0.022022       129254
   0.00457088   0.00497236      13326.7       60.915     0.939374           -1   0.00606643  1.61931e-05  2.56996e-08  2.76575e-08     0.958832      1.90911      2.84455      2.85186      0.0020893      238.976      490.794    -0.340755      0.0235195       121761
    0.0047863   0.00534268      13302.5      63.6696     0.941945           -1   0.00634056  1.76825e-05  2.93009e-08  3.15434e-08     0.960606      1.91228      2.85097      2.85756     0.00229087      231.571      490.794    -0.342779      0.0251189       114319
   0.00501187   0.00574002      13277.6      66.5457     0.944412           -1   0.00662761  1.93117e-05  3.34167e-08  3.59844e-08     0.962308      1.91536      2.85715      2.86305     0.00251189      224.353      490.794    -0.344884       0.026827       107158
   0.00524807   0.00616632      13252.1      69.5481     0.946781           -1   0.00692818  2.10939e-05  3.81211e-08  4.10609e-08     0.963939      1.91834       2.8631      2.86836     0.00275423      217.317      490.793    -0.347063      0.0286512       100466
   0.00549541   0.00662367        13226      72.6824     0.949054           -1   0.00724293  2.30438e-05  4.34996e-08  4.68649e-08     0.965503      1.92122      2.86883      2.87347     0.00301995      210.459      490.793    -0.349331      0.0305995      94361.2
    0.0057544   0.00711431      13199.3      75.9539     0.951236           -1    0.0075725  2.51771e-05  4.96498e-08  5.35016e-08     0.967001      1.92402      2.87433      2.87841     0.00331131      203.773      490.792    -0.351687      0.0326803      89020.5
    0.0060256   0.00764062      13171.9      79.3684     0.953328           -1    0.0079176  2.75114e-05  5.66836e-08  6.10918e-08     0.968436      1.92672      2.87963      2.88316     0.00363078      197.257      490.792    -0.354133      0.0349025      84489.4
   0.00630957   0.00820519      13143.8      82.9318     0.955335           -1   0.00827897  3.00659e-05  6.47294e-08  6.97737e-08     0.969811      1.92934      2.88472      2.88775     0.00398107      190.905      490.791     -0.35668      0.0372759      80562.2
   0.00660693   0.00881075      13115.1      86.6503     0.957259           -1   0.00865736  3.28614e-05  7.39341e-08  7.97061e-08     0.971128      1.93187      2.88962      2.89217     0.00436516      184.713      490.791    -0.359329      0.0398107        77034
   0.00691831   0.00946026      13085.6      90.5302     0.959104           -1   0.00905359   3.5921e-05  8.44665e-08  9.10705e-08      0.97239      1.93432      2.89432      2.89642      0.0047863      178.678       490.79    -0.362085      0.0425179        73665
   0.00724436    0.0101569      13055.4      94.5783     0.960873           -1   0.00946849  3.92698e-05  9.65198e-08  1.04075e-07     0.973598      1.93669      2.89883      2.90052     0.00524807      172.795      490.789    -0.364955      0.0454091      70133.4
   0.00758578     0.010904      13024.5      98.8013     0.962568           -1   0.00990295  4.29354e-05  1.10316e-07  1.18959e-07     0.974754      1.93898      2.90317      2.90447      0.0057544      167.061      490.788    -0.367941      0.0484969      66036.7
   0.00794328    0.0117052      12992.9      103.206     0.964192           -1    0.0103579   4.6948e-05  1.26108e-07  1.35996e-07     0.975862      1.94119      2.90733      2.90827     0.00630957      161.471      490.787    -0.370151      0.0517947      61104.3
   0.00831764    0.0125645      12960.5      107.801     0.965749           -1    0.0108342  5.13408e-05  1.44188e-07  1.55499e-07     0.976922      1.94333      2.91132      2.91192     0.00691831      156.049      490.786    -0.374296      0.0553168      55418.1
   0.00870964    0.0134859      12927.3      112.592      0.96724           -1    0.0113331    5.615e-05   1.6489e-07  1.77828e-07     0.977936       1.9454      2.91515      2.91544     0.00758578      150.713      490.784    -0.378588      0.0590784      49407.2
   0.00912011     0.014474      12893.3      117.588     0.968668           -1    0.0118554  6.14155e-05  1.88597e-07  2.03397e-07     0.978907       1.9474      2.91882      2.91883     0.00831764      145.538      490.775      -0.3812      0.0630957      43641.8
   0.00954993    0.0155335      12858.5      122.798     0.970036           -1    0.0124023  6.71809e-05  2.15748e-07  2.32677e-07     0.979836      1.94933      2.92235      2.92209     0.00912011      140.493      490.781    -0.384866      0.0673863      38679.3
         0.01    0.0166696      12822.9      128.229     0.971346           -1     0.012975  7.34938e-05  2.46846e-07  2.66211e-07     0.980725       1.9512      2.92572      2.92522           0.01      135.577      490.779     -0.38851      0.0719686      34936.3
    0.0104713    0.0178877      12786.4       133.89       0.9726           -1    0.0135748  8.04068e-05  2.82471e-07  3.04622e-07     0.981576        1.953      2.92896      2.92823      0.0109648       130.79      490.776    -0.392704      0.0768625        32422
    0.0109648    0.0191937        12749       139.79     0.973801           -1    0.0142027  8.79773e-05  3.23284e-07  3.48622e-07      0.98239      1.95474      2.93206      2.93113      0.0120226      126.116      490.773    -0.397075      0.0820891      30590.8
    0.0114815     0.020594      12710.8      145.939      0.97495           -1    0.0148603   9.6268e-05  3.70046e-07   3.9903e-07     0.983168      1.95641      2.93503      2.93391      0.0131826      121.565      490.769     -0.40122      0.0876712      28632.6
    0.0120226    0.0220954      12671.6      152.346      0.97605           -1    0.0155489  0.000105348  4.23628e-07  4.56784e-07     0.983913      1.95803      2.93788      2.93659      0.0144544      117.131      490.765    -0.405753      0.0936329        25986
    0.0125893    0.0237049      12631.5      159.021     0.977103           -1    0.0162699  0.000115293  4.85031e-07   5.2296e-07     0.984625       1.9596       2.9406      2.93916      0.0158489       112.81       490.76    -0.410483            0.1      22732.9
    0.0131826    0.0254306      12590.4      165.974      0.97811           -1    0.0170248  0.000126186  5.55403e-07  5.98793e-07     0.985306      1.96111      2.94321      2.94163       0.017378      108.601      490.754    -0.415405         0.1068      19547.6
    0.0138038    0.0272805      12548.4      173.216     0.979074           -1    0.0178154  0.000138117  6.36059e-07  6.85698e-07     0.985958      1.96256      2.94571        2.944      0.0190546        104.5      490.748    -0.420539       0.114062      17226.8
    0.0144544    0.0292637      12505.3      180.757     0.979997           -1    0.0186432  0.000151186   7.2851e-07  7.85301e-07      0.98658      1.96396       2.9481      2.94628       0.020893      100.506       490.74    -0.425881       0.121819      15821.7
    0.0151356    0.0313898      12461.3      188.609     0.980879           -1    0.0195101  0.000165503  8.34489e-07  8.99464e-07     0.987176      1.96532      2.95039      2.94847      0.0229087      96.6153      490.731    -0.431419       0.130103      14654.8
    0.0158489    0.0336689      12416.2      196.783     0.981723           -1    0.0204178  0.000181186  9.55984e-07  1.03032e-06     0.987745      1.96662      2.95258      2.95058      0.0251189      92.8275      490.721    -0.437178        0.13895      13052.5
    0.0165959     0.036112        12370      205.291      0.98253           -1    0.0213682  0.000198367  1.09528e-06  1.18034e-06     0.988289      1.96788      2.95468       2.9526      0.0275423      89.1398       490.71    -0.443147       0.148398      11206.8
     0.017378    0.0387309      12322.7      214.144     0.983301           -1    0.0223635   0.00021719  1.25498e-06  1.35231e-06     0.988809       1.9691      2.95668      2.95453      0.0301995      85.5509      490.697    -0.449346       0.158489      9791.86
     0.018197    0.0415382      12274.3      223.356     0.984039           -1    0.0234056  0.000237812   1.4381e-06  1.54948e-06     0.989307      1.97026       2.9586       2.9564      0.0331131      82.0586      490.681     -0.45576       0.169267      8892.67
    0.0190546    0.0445473      12224.8      232.938     0.984745           -1    0.0244969  0.000260405  1.64809e-06  1.77555e-06     0.989782      1.97139      2.96043      2.95818      0.0363078      78.6618      490.663    -0.462356       0.180777      7954.47
    0.0199526    0.0477728      12174.1      242.905     0.985419           -1    0.0256396   0.00028516  1.88889e-06  2.03476e-06     0.990236      1.97248      2.96219       2.9599      0.0398107      75.3591      490.643    -0.469164        0.19307      6865.57
     0.020893    0.0512301      12122.2      253.268     0.986063           -1    0.0268362  0.000312283  2.16505e-06    2.332e-06     0.990669      1.97352      2.96387      2.96154      0.0436516      72.1491      490.619    -0.476175       0.206199      6023.69
    0.0218776    0.0549359        12069      264.042     0.986679           -1    0.0280891  0.000342002  2.48177e-06  2.67285e-06     0.991084      1.97453      2.96547      2.96312       0.047863      69.0306      490.592    -0.483385        0.22022      5379.39
    0.0229087     0.058908      12014.6       275.24     0.987267           -1    0.0294011  0.000374567  2.84502e-06  3.06375e-06     0.991479       1.9755        2.967      2.96463      0.0524807      66.0024      490.561    -0.490789       0.235195      4680.63
    0.0239883    0.0631653        11959      286.876     0.987829           -1     0.030775   0.00041025  3.26167e-06  3.51204e-06     0.991857      1.97643      2.96846      2.96609       0.057544      63.0636      490.525     -0.49839       0.251189      4086.34
    0.0251189    0.0677284        11902      298.964     0.988365           -1    0.0322135  0.000449352  3.73959e-06   4.0262e-06     0.992218      1.97733      2.96986      2.96748      0.0630957      60.2128      490.483     -0.50619        0.26827       3600.2
    0.0263027    0.0726192      11843.7       311.52     0.988877           -1    0.0337199  0.000492201   4.2878e-06  4.61593e-06     0.992562       1.9782       2.9712      2.96881      0.0691831      57.4491      490.436    -0.514193       0.286512      3126.19
    0.0275423     0.077861        11784      324.557     0.989365           -1    0.0352972  0.000539156  4.91667e-06  5.29234e-06     0.992891      1.97903      2.97247      2.97009      0.0758578      54.7713      490.382    -0.522405       0.305995      2734.16
    0.0288403    0.0834791      11722.8      338.091     0.989831           -1    0.0369489  0.000590613   5.6381e-06  6.06823e-06     0.993204      1.97983      2.97369      2.97132      0.0831764      52.1784       490.32    -0.530834       0.326803       2378.5
    0.0301995    0.0895004      11660.3      352.135     0.990275           -1    0.0386784  0.000647005  6.46574e-06  6.95825e-06     0.993503       1.9806      2.97485      2.97249      0.0912011      49.6691      490.248    -0.539489       0.349025      2069.53
    0.0316228    0.0959537      11596.3      366.707     0.990698           -1    0.0404894  0.000708805  7.41527e-06  7.97924e-06     0.993788      1.98134      2.97596      2.97361            0.1      47.2424      490.167    -0.548377       0.372759      1797.09
    0.0331131      0.10287      11530.8      381.819       0.9911           -1    0.0423858  0.000776534  8.50465e-06  9.15049e-06     0.994059      1.98205      2.97701      2.97469       0.109648      44.8969      490.074     -0.55751       0.398107      1559.49
    0.0346737     0.110282      11463.7      397.489     0.991483           -1    0.0443715  0.000850762  9.75454e-06  1.04942e-05     0.994317      1.98273      2.97802      2.97572       0.120226      42.6315      489.968    -0.566896       0.425179      1350.85
    0.0363078     0.118227      11395.1       413.73     0.991847           -1    0.0464508  0.000932115  1.11886e-05  1.20357e-05     0.994562      1.98338      2.97898       2.9767       0.131826       40.445      489.846    -0.576548       0.454091      1169.43
    0.0380189      0.12674      11324.8      430.558     0.992192           -1     0.048628   0.00102128  1.28341e-05  1.38044e-05     0.994795      1.98401      2.97989      2.97764       0.144544       38.336      489.708     -0.58647       0.484969      1011.04
    0.0398107     0.135864      11252.9      447.987     0.992518           -1    0.0509078     0.001119  1.47222e-05  1.58335e-05     0.995016       1.9846      2.98075      2.97853       0.158489      36.3034      489.551     -0.59668       0.517947      872.962
    0.0416869     0.145643      11179.3      466.033     0.992827           -1    0.0532951    0.0012261  1.68887e-05  1.81617e-05     0.995225      1.98518      2.98158      2.97939        0.17378      34.3457       489.37    -0.607181       0.553168       752.92
    0.0436516     0.156122        11104      484.709     0.993118           -1    0.0557948    0.0013435  1.93747e-05  2.08331e-05     0.995423      1.98573      2.98236       2.9802       0.190546      32.4618      489.167    -0.617985       0.590784      648.774
    0.0457088     0.167352        11027       504.03     0.993392           -1    0.0584122   0.00147216  2.22274e-05  2.38982e-05      0.99561      1.98625      2.98309      2.98097        0.20893      30.6503      488.935    -0.629088       0.630957      558.513
     0.047863     0.179387      10948.1      524.008     0.993648           -1     0.061153   0.00161319  2.55011e-05  2.74152e-05     0.995785      1.98675      2.98379       2.9817       0.229087      28.9098      488.675    -0.640607       0.673863      480.354
    0.0501187     0.192285      10867.4      544.658     0.993887           -1    0.0640229   0.00176777  2.92577e-05  3.14509e-05     0.995949      1.98722      2.98444      2.98239       0.251189      27.2386      488.376    -0.652403       0.719686      412.735
    0.0524807     0.206106      10784.7      565.992     0.994109           -1    0.0670279    0.0019372  3.35688e-05  3.60817e-05     0.996102      1.98766      2.98506      2.98305       0.275423      25.6362      488.038    -0.664499       0.768625      354.304
    0.0549541     0.220917      10700.2       588.02     0.994313           -1    0.0701745   0.00212291  3.85162e-05  4.13956e-05     0.996245      1.98809      2.98564      2.98366       0.301995      24.1005      487.657    -0.677057       0.820891      303.873
     0.057544      0.23679      10613.7      610.753     0.994499           -1    0.0734692   0.00232647  4.41938e-05  4.74934e-05     0.996375      1.98848      2.98617      2.98424       0.331131      22.6302      487.234     -0.68997       0.876712      260.398
     0.060256     0.253799      10525.1      634.202     0.994666           -1    0.0769191    0.0025496  5.07095e-05  5.44908e-05     0.996495      1.98885      2.98667      2.98477       0.363078       21.224      486.739     -0.70328       0.936329       222.96
    0.0630957     0.272026      10434.5      658.373     0.994814           -1    0.0805314   0.00279416  5.81872e-05  6.25207e-05     0.996602       1.9892      2.98712      2.98526       0.398107      19.8805      486.196    -0.717007              1      190.751
    0.0660693     0.291558      10341.8      683.274     0.994941           -1    0.0843137   0.00306224  6.67689e-05  7.17354e-05     0.996697      1.98951      2.98753      2.98572       0.436516      18.5981      485.578    -0.731166          1.068      163.068
    0.0691831     0.312488      10246.9       708.91     0.995047           -1     0.088274   0.00335608  7.66176e-05  8.23099e-05      0.99678       1.9898       2.9879      2.98612        0.47863      17.3753      484.885    -0.745769        1.14062      139.296
    0.0724436     0.334916      10149.8      735.285     0.995131           -1    0.0924207   0.00367816  8.79204e-05  9.44449e-05     0.996849      1.99006      2.98822      2.98649       0.524807      16.2109      484.109    -0.760835        1.21819      118.902
    0.0758578     0.358949      10050.4      762.398      0.99519           -1    0.0967624    0.0040312  0.000100892  0.000108371     0.996903      1.99029       2.9885       2.9868        0.57544      15.1031      483.238    -0.776386        1.30103      101.421
    0.0794328     0.384701      9948.67      790.251     0.995222           -1     0.101308   0.00441817  0.000115779  0.000124351     0.996942      1.99048      2.98872      2.98707       0.630957      14.0506      482.263    -0.792438         1.3895      86.4498
    0.0831764     0.412295       9844.6      818.838     0.995226           -1     0.106068   0.00484232  0.000132863   0.00014269     0.996964      1.99064      2.98889      2.98728       0.691831      13.0518      481.173     -0.80901        1.48398      73.6387
    0.0870964     0.441863      9738.11      848.154     0.995198           -1     0.111051   0.00530723   0.00015247  0.000163735     0.996969      1.99076      2.98901      2.98743       0.758578      12.1053      479.957    -0.826119        1.58489      62.6849
    0.0912011     0.473545      9629.14      878.188     0.995135           -1     0.116269   0.00581679  0.000174971  0.000187884     0.996953      1.99083      2.98906      2.98753       0.831764      11.2094      478.602    -0.843788        1.69267      53.3265
    0.0954993     0.507491      9517.63      908.927     0.995034           -1     0.121731    0.0063753  0.000200792  0.000215596     0.996915      1.99087      2.98904      2.98755       0.912011      10.3627      477.096    -0.862037        1.80777      45.3371
          0.1     0.543862      9403.53      940.353      0.99489           -1      0.12745   0.00698744  0.000230423  0.000247396     0.996853      1.99085      2.98895      2.98749              1      9.56354      475.422    -0.880894         1.9307      38.5214
     0.104713     0.582832      9286.79      972.446     0.994698           -1     0.133437   0.00765833  0.000264426  0.000283884     0.996764      1.99077      2.98877      2.98736        1.09648      8.81048      473.567    -0.900367        2.06199      32.7111
     0.109648     0.624584      9167.34      1005.18     0.994452           -1     0.139704    0.0083936  0.000303443  0.000325751     0.996645      1.99063      2.98851      2.98713        1.20226      8.10195      471.514    -0.920492         2.2022      27.7614
     0.114815     0.669316      9045.13      1038.52     0.994146           -1     0.146265   0.00919939  0.000348212  0.000373788     0.996492      1.99043      2.98814       2.9868        1.31826      7.43636      469.247    -0.941289        2.35195      23.5475
     0.120226     0.717239      8920.09      1072.43     0.993771           -1     0.153133    0.0100824  0.000399578  0.000428901     0.996301      1.99014      2.98765      2.98635        1.44544      6.81218        466.6    -0.962776        2.51189      19.9624
     0.125893     0.768579      8792.16      1106.87     0.993318           -1     0.160322      0.01105   0.00045851  0.000492129     0.996067      1.98977      2.98704      2.98578        1.58489      6.22785      463.997    -0.984983         2.6827      16.9143
     0.131826     0.823576      8661.29      1141.78     0.992778           -1     0.167846    0.0121103  0.000526117   0.00056466     0.995785       1.9893      2.98628      2.98505         1.7378      5.68182      460.977     -1.00793        2.86512      14.3242
     0.138038      0.88249      8527.41      1177.11     0.992139           -1     0.175721     0.013272  0.000603669  0.000647858     0.995447      1.98872      2.98536      2.98417        1.90546      5.17255      457.669     -1.03164        3.05995      12.1247
     0.144544     0.945595      8390.45      1212.79     0.991386           -1     0.183962    0.0145446  0.000692621   0.00074328     0.995046      1.98802      2.98425       2.9831         2.0893      4.69847      454.052     -1.05617        3.26803       10.258
     0.151356      1.01319      8250.37      1248.74     0.990505           -1     0.192586    0.0159388  0.000794635  0.000852711     0.994575      1.98717      2.98293      2.98181        2.29087      4.25805      450.106     -1.08148        3.49025      8.67449
     0.158489      1.08558      8107.09      1284.89     0.989478           -1      0.20161    0.0174658  0.000911615  0.000978191     0.994023      1.98617      2.98138      2.98029        2.51189       3.8498      445.812     -1.10762        3.72759      7.33205
     0.165959       1.1631      7960.56      1321.12     0.988284           -1      0.21105    0.0191382   0.00104573   0.00112205     0.993378      1.98498      2.97955       2.9785        2.75423      3.47217      441.151     -1.13467        3.98107      6.19458
      0.17378      1.24611      7810.71      1357.35     0.986901           -1     0.220925    0.0209694   0.00119947   0.00128695     0.992629      1.98358      2.97741       2.9764        3.01995      3.12367      436.103     -1.16259        4.25179      5.23127
      0.18197        1.335      7657.48      1393.43     0.985302           -1     0.231254    0.0229743   0.00137567   0.00147593     0.991761      1.98194      2.97492      2.97394        3.31131      2.80281       430.65     -1.19142        4.54091      4.41588
     0.190546      1.43015      7500.83      1429.25     0.983459           -1     0.242056    0.0251688   0.00157756   0.00169245     0.990757      1.98004      2.97204      2.97109        3.63078      2.50814      424.775     -1.22119        4.84969      3.72602
     0.199526      1.53201      7340.68      1464.66     0.981337           -1     0.253349    0.0275703   0.00180881   0.00194047     0.989598      1.97783       2.9687      2.96779        3.98107       2.2382      418.464     -1.25193        5.17947      3.14265
      0.20893      1.64103         7177      1499.49     0.978899           -1     0.265154    0.0301977   0.00207362   0.00222446     0.988264      1.97528      2.96484      2.96396        4.36516      1.99158      411.702     -1.28364        5.53168      2.64956
     0.218776      1.75769      7009.72      1533.56     0.976103           -1     0.277491    0.0330712   0.00237675   0.00254953     0.986729      1.97233       2.9604      2.95956         4.7863      1.76688       404.48     -1.31637        5.90784      2.23297
     0.229087       1.8825      6838.81      1566.68     0.972899           -1     0.290379     0.036213   0.00272359   0.00292148     0.984968      1.96893       2.9553      2.95448        5.24807      1.56274      396.788     -1.35012        6.30957      1.88116
     0.239883      2.01601      6664.23      1598.64     0.969236           -1      0.30384    0.0396465   0.00312026   0.00334684     0.982948      1.96503      2.94944      2.94866         5.7544      1.37784      388.621     -1.38491        6.73863       1.5842
     0.251189      2.15877      6485.95       1629.2     0.965053           -1     0.317894    0.0433972   0.00357366   0.00383303     0.980637      1.96055      2.94272      2.94197        6.30957      1.21086      379.979     -1.42076        7.19686      1.33363
     0.263027      2.31138      6303.93       1658.1     0.960284           -1     0.332559    0.0474922    0.0040916   0.00438841     0.977994      1.95542      2.93504      2.93433        6.91831      1.06056      370.864     -1.45769        7.68625      1.12229
     0.275423      2.47448      6118.17      1685.08     0.954857           -1     0.347856    0.0519605   0.00468282   0.00502237     0.974978      1.94956      2.92626      2.92558        7.58578     0.925721      361.281     -1.49572        8.20891     0.944118
     0.288403      2.64872      5928.65      1709.84     0.948692           -1     0.363802    0.0568328   0.00535716   0.00574543     0.971541      1.94286      2.91625      2.91561        8.31764     0.805156      351.225     -1.53483        8.76712     0.793961
     0.301995      2.83477      5735.39      1732.06     0.941703           -1     0.380415    0.0621415    0.0061256   0.00656937      0.96763      1.93524      2.90485      2.90425        9.12011      0.69774      340.765     -1.57505        9.36329     0.667465
     0.316228      3.03333      5538.41       1751.4     0.933796           -1      0.39771    0.0679206   0.00700033   0.00750727     0.963187      1.92657       2.8919      2.89133             10     0.602387       329.87      -1.6164             10      0.56094
     0.331131      3.24515      5337.75       1767.5     0.924872           -1     0.415701    0.0742056    0.0079949   0.00857364      0.95815      1.91673      2.87722      2.87668        10.9648     0.518062      318.582     -1.65886          10.68     0.471266
     0.346737      3.47095      5133.47      1779.96     0.914827           -1     0.434398    0.0810331   0.00912419   0.00978445     0.952452       1.9056      2.86059       2.8601        12.0226     0.443779      306.936     -1.70248        11.4062     0.395805
     0.363078      3.71149      4925.63      1788.39     0.903552           -1      0.45381    0.0884404    0.0104045    0.0111572     0.946019      1.89302      2.84182      2.84137        13.1826     0.378602      294.963     -1.74723        12.1819     0.332325
     0.380189      3.96754      4714.36      1792.35     0.890939           -1      0.47394    0.0964656    0.0118536    0.0127109     0.938776      1.87884      2.82068      2.82027        14.4544     0.321654       282.71     -1.79308        13.0103     0.278942
     0.398107      4.23986      4499.78       1791.4     0.876879           -1     0.494788     0.105146    0.0134906     0.014466     0.930643      1.86292      2.79693      2.79656        15.8489     0.272105       270.22     -1.84004         13.895     0.234065
     0.416869      4.52919      4282.05      1785.06     0.861268           -1     0.516348     0.114519    0.0153359    0.0164444     0.921539      1.84509      2.77034      2.77002         17.378     0.229185      257.546     -1.88828        14.8398     0.196352
     0.436516      4.83627      4061.37      1772.85     0.844011           -1     0.538609     0.124619     0.017411    0.0186693     0.911381      1.82518      2.74066      2.74039        19.0546     0.192165      244.741     -1.93768        15.8489     0.164668
     0.457088      5.16179      3837.96      1754.28     0.825026           -1     0.561553     0.135478    0.0197385    0.0211647      0.90009      1.80305      2.70766      2.70744         20.893     0.160388      231.861     -1.98816        16.9267     0.138058
      0.47863      5.50642      3612.08      1728.85     0.804251           -1     0.585153     0.147126    0.0223413    0.0239553      0.88759      1.77853      2.67112      2.67095        22.9087     0.133236      218.968      -2.0398        18.0777     0.115716
     0.501187      5.87074      3384.04      1696.04     0.781649           -1     0.609376     0.159585    0.0252426    0.0270661     0.873812      1.75151      2.63084      2.63072        25.1189     0.110151      206.121     -2.09222         19.307    0.0969638
     0.524807      6.25528      3154.17      1655.33     0.757212           -1     0.634181     0.172875    0.0284653    0.0305214       0.8587      1.72185      2.58663      2.58658        27.5423    0.0906241      193.383     -2.14474        20.6199    0.0812285
     0.549541      6.66048      2922.86      1606.23      0.73097           -1     0.659515     0.187003    0.0320311    0.0343448      0.84221      1.68947      2.53838      2.53838        30.1995    0.0742006      180.814     -2.19628         22.022    0.0680286
      0.57544      7.08666      2690.51      1548.23     0.702995           -1     0.685318     0.201972    0.0359603    0.0385579     0.824315      1.65433        2.486      2.48606        33.1131    0.0604701       168.47     -2.24579        23.5195    0.0569588
      0.60256      7.53406      2457.58      1480.84     0.673402           -1     0.711521     0.217773    0.0402703    0.0431794     0.805011       1.6164      2.42947       2.4296        36.3078    0.0490619      156.403     -2.29273        25.1189    0.0476779
     0.630957      8.00277      2224.53      1403.58     0.642354           -1     0.738046     0.234385    0.0449754    0.0482247     0.784318      1.57573      2.36885      2.36904        39.8107     0.039639      144.656      -2.3377         26.827    0.0398988
     0.660693      8.49274      1991.87      1316.01     0.610057           -1     0.764806     0.251776    0.0500855    0.0537046      0.76228      1.53239      2.30425      2.30451        43.6516    0.0318954       133.27     -2.38249        28.6512    0.0333804
     0.691831      9.00381      1760.11       1217.7     0.576761           -1      0.79171     0.269903    0.0556057    0.0596245      0.73897      1.48653      2.23589      2.23621         47.863    0.0255578      122.277     -2.42961        30.5995    0.0279196
     0.724436      9.53565      1529.79      1108.24     0.542747           -1     0.818658     0.288709    0.0615353    0.0659837     0.714489      1.43834      2.16405      2.16444        52.4807    0.0203873       111.71     -2.48142        32.6803    0.0233462
     0.758578      10.0878      1301.43      987.233     0.508327           -1     0.845548     0.308126    0.0678673    0.0727749     0.688964      1.38806      2.08909      2.08954         57.544    0.0161812        101.6     -2.53946        34.9025    0.0195179
     0.794328      10.6597      1075.54      854.335     0.473825           -1     0.872278     0.328073    0.0745882    0.0799836     0.662543      1.33599      2.01144      2.01196        63.0957    0.0127704      91.9802     -2.60411        37.2759    0.0163172
     0.831764      11.2506      852.646        709.2     0.439568           -1     0.898743     0.348464    0.0816777    0.0875881     0.635395      1.28245      1.93159      1.93218        69.1831    0.0100157      82.8802     -2.67464        39.8107    0.0136413
     0.870964      11.8598      633.215      551.507     0.405876           -1     0.924841       0.3692    0.0891092    0.0955601     0.607704       1.2278      1.85007      1.85071        75.8578   0.00780246      74.3278     -2.74955        42.5179    0.0114043
     0.912011      12.4863      417.698      380.945     0.373046           -1     0.950476      0.39018    0.0968499     0.103864     0.579662      1.17241      1.76744      1.76813        83.1764   0.00603555      66.3454     -2.82696        45.4091   0.00953408
     0.954993      13.1291      206.504       197.21     0.341345           -1     0.975557     0.411297     0.104862      0.11246     0.551464      1.11667      1.68425      1.68499        91.2011   0.00463527       58.948       -2.905        48.4969   0.00797058
            1      13.7873            0            0        0.311           -1            1     0.432446     0.113102     0.121301     0.523303      1.06094      1.60107      1.60186            100   0.00353441       52.142     -2.98201        51.7947   0.00666349
      1.04713      14.4598            0            0     0.282196           -1      1.02373     0.453519     0.121524     0.130339     0.495361       1.0056      1.51843      1.51926        109.648   0.00267617      45.9242     -3.05665        55.3168   0.00557074
      1.09648      15.1455            0            0     0.255072           -1      1.04669     0.474417     0.130081     0.139522      0.46781     0.950966      1.43683       1.4377        120.226   0.00201273      40.2829     -3.12798        59.0784    0.0046572
      1.14815      15.8434            0            0     0.229721           -1      1.06881     0.495041     0.138722     0.148797     0.440806     0.897358      1.35673      1.35763        131.826    0.0015041      35.1982     -3.19536        63.0957   0.00389346
      1.20226      16.5525            0            0     0.206191           -1      1.09007     0.515303     0.147399     0.158111     0.414485     0.845041      1.27852      1.27945        144.544   0.00111726      30.6435     -3.25848        67.3863   0.00325497
      1.25893      17.2718            0            0     0.184494           -1      1.11042     0.535122     0.156064     0.167412     0.388962     0.794243      1.20256       1.2035        158.489  0.000825272      26.5872     -3.31725        71.9686   0.00272119
      1.31826      18.0003            0            0     0.164606           -1      1.12984     0.554427      0.16467     0.176652     0.364333     0.745157      1.12912      1.13007         173.78  0.000606423      22.9943     -3.37171        76.8625   0.00227494
      1.38038      18.7371            0            0     0.146477           -1      1.14833     0.573155     0.173175     0.185784     0.340672     0.697931      1.05842      1.05938        190.546  0.000443466      19.8276     -3.42203        82.0891   0.00190187
      1.44544      19.4815            0            0     0.130034           -1      1.16588     0.591255     0.181539     0.194766     0.318036     0.652679     0.990639     0.991595         208.93  0.000322859      17.0497     -3.46845        87.6712   0.00158998
      1.51356      20.2325            0            0     0.115188           -1      1.18248     0.608685     0.189728      0.20356      0.29646     0.609479     0.925891     0.926843        229.087  0.000234091      14.6232     -3.49072        93.6329   0.00132924
