# Group catalog on the Past Light Cone for a minimal mass of 10 particles
#    1) group ID
#    2) true redshift
#  3-5) comoving position (Mpc/h)
#  6-8) velocity (km/s)
#    9) group mass (Msun/h)
#   10) theta (degree)
#   11) phi (degree)
#   12) peculiar velocity along the line-of-sight (km/s)
#   13) observed redshift
#
      1014143         0.099994       126.763268       -12.900360       263.448120      -500.214508       151.475037      -207.814850  1.58825196e+13        64.189034       354.189178      -410.435638         0.098488
      1163139         0.099783      -103.724442        14.996130       272.591034       122.914421       170.096298         8.267583  1.50538671e+14        68.969780       171.773376       -27.204065         0.099684
       702929         0.099666        88.628227      -264.773651       -84.468796      -440.028534       425.589447      -302.659943  1.07724918e+14       -16.831841       288.507050      -432.341278         0.098081
       437670         0.099622      -196.922653       191.064728        98.678146      -186.643921       -24.820059       479.357147  3.79799386e+13        19.780651       135.864990       272.011017         0.100620
      1883044         0.099674       244.118484        -6.672622      -159.593094       212.722549       -55.478279       640.795349  1.24297979e+13       -33.164959       358.434296      -171.275681         0.099046
      1826209         0.099758       241.360504      -132.078369        97.713257       447.876831      -554.574707      1219.233521  1.65730645e+13        19.552282       331.311432      1029.149048         0.103533
      1372146         0.099722       -83.158127       -61.635723      -272.897797      -249.599884      -438.561523      -260.323883  5.24813714e+13       -69.228355       216.545364       407.131897         0.101216
      1364974         0.099986       -79.902634      -167.919754       225.934982      -151.815155      -250.905518      -544.627502  4.14326603e+13        50.543133       244.553116      -235.073929         0.099124
        90577         0.099659      -233.256668       147.346420       -94.674973       -63.524506        93.084267      -958.180237  9.27401014e+14       -18.939772       147.719711       408.820557         0.101159
        36172         0.099869       270.225311        66.626869       -89.280586      -233.893188      -102.259811      -326.221344  3.63916874e+14       -17.785532        13.850614      -139.903015         0.099356
       152581         0.099903        22.611794        95.166473       275.536957      -412.128021       135.969116      -315.190796  1.10487090e+13        70.455078        76.634224      -284.645844         0.098859
      2045243         0.099590       259.379333       -30.355835      -129.496353      -151.435455        27.312822      -371.571655  1.72636085e+13       -26.375452       353.324890        27.475218         0.099691
      2071617         0.099758      -235.622330      -126.541130      -117.117149       387.682404       715.990417      -133.939545  2.40654695e+15       -23.648602       208.238052      -569.448120         0.097669
      1279523         0.099499       -88.021866      -223.597214      -164.541092        29.857725      -275.682098       505.071716  5.45530011e+13       -34.400814       248.512299       -82.721878         0.099196
      1756667         0.099372       220.321487      -189.819855         5.751083      -358.967010       -57.141712        35.658489  1.31203429e+13         1.132921       319.253174      -233.905518         0.098515
       700310         0.099791        92.534531       210.758820      -179.777527      -113.770119       446.912262      1390.701172  9.66762116e+12       -37.991150        66.295929      -569.578186         0.097701
      1276956         0.099858       -92.911324      -266.725067        75.089050      -308.961884      -649.834412       421.235229  4.00515725e+13        14.887957       250.794662       799.518066         0.102791
       471911         0.099578      -181.645096       226.665680       -23.989777       362.158905       551.678772       896.447205  1.38108868e+13        -4.721331       128.707947       129.544174         0.100053
       471911         0.099479        74.355247       -29.333801      -279.988953       362.177490       551.682861       896.475891  1.38108868e+13       -74.066811       338.470337      -825.126953         0.096453
       758631         0.099731       106.993179      -162.475601       217.617264       382.007233       296.537323      -147.757309  1.04272193e+14        48.204704       303.365631      -135.193649         0.099236
       219635         0.099410        44.542290       107.374756      -266.748688       419.683777      -463.507263       256.651215  3.45272169e+13       -66.452812        67.469849      -342.076263         0.098155
      2067890         0.099737       258.697510        66.477783       117.763138      -326.397125        64.897469       248.980255  4.55759280e+13        23.792267        14.411541      -174.036743         0.099098
       603393         0.099637      -163.389114       -31.347578      -239.515137       385.858368       231.581711        -7.627127  1.16011446e+14       -55.215858       190.860703      -234.813034         0.098776
       950261         0.099733      -135.235855        10.387299      -258.475922      -227.838913       124.850548        -6.292801  2.46524328e+14       -62.311939       175.607803       115.571175         0.100157
       950261         0.099941       120.764580       266.387054        -2.475922      -227.839569       124.842659        -6.290377  2.46524328e+14        -0.485008        65.613190        19.682819         0.100013
      1744972         0.099551       230.441162       147.349564      -100.435493       195.496490       135.097321      -421.187439  1.45014303e+14       -20.162813        32.595818       368.107361         0.100901
       112474         0.099839      -225.136963       -22.162092       184.945999       231.041794       108.389015      -479.787720  1.65730645e+13        39.267052       185.621979      -489.908661         0.098042
      1969967         0.099402      -257.654236        77.132774       110.995644         4.133867       305.882233       426.214355  1.42252135e+14        22.425787       163.334122       240.024094         0.100282
         7339         0.099793      -242.055695      -118.127136       112.960854       -65.145096       770.028870       648.299133  8.20366671e+14        22.752983       206.013138        -6.711196         0.099768
       463716         0.099501      -195.479935        77.312759       201.569412      -564.922913      -504.958984      -579.739319  7.25071514e+13        43.797451       158.421097      -156.113937         0.098928
      1937064         0.099453      -260.689209        80.744080       101.296806       161.962463       470.200256       551.260437  4.83381037e+13        20.363739       162.790512       177.206635         0.100102
      1691505         0.099092       -51.459442        68.297256      -277.181915      -819.008301      -277.678741      -270.206421  4.00515725e+13       -72.854431       126.996666       338.112518         0.100332
