# Mass function for redshift 0.100000
# 1) mass (Msun/h)
# 2) n(m) (Mpc^-3 Msun^-1 h^4)
# 3) upper +1-sigma limit for n(m) (Mpc^-3 Msun^-1 h^4)
# 4) lower -1-sigma limit for n(m) (Mpc^-3 Msun^-1 h^4)
# 5) number of halos in the bin
# 6) analytical n(m) from Watson et al. 2013
# 7) peak height nu = delta_c / sigma(M,z), with delta_c = 1.686
#
   7.2163845e+12   6.0766076e-17   6.2385498e-17   5.9146655e-17         1408    8.6471644e-17         0.77636534
    8.286532e+12   4.9372437e-17   5.1436802e-17   4.7308072e-17          572    6.6505897e-17         0.79515608
   9.2950039e+12   4.0870365e-17   4.2198474e-17   3.9542257e-17          947    5.3478011e-17          0.8112832
   1.0358165e+13   3.3404079e-17   3.5102104e-17   3.1706054e-17          387    4.3540157e-17         0.82694132
   1.1372785e+13   3.1634612e-17   3.2803063e-17   3.0466161e-17          733    3.6462283e-17         0.84081626
   1.2776923e+13   2.4125168e-17   2.5145554e-17   2.3104782e-17          559    2.9231262e-17         0.85859017
   1.4429314e+13     2.01115e-17   2.0872187e-17   1.9350813e-17          699    2.3202595e-17         0.87775924
   1.6537845e+13   1.5795727e-17   1.6469872e-17   1.5121582e-17          549      1.79062e-17          0.9000173
   1.8579375e+13   1.2774687e-17   1.3380946e-17   1.2168427e-17          444    1.4352156e-17         0.91967727
   2.0699889e+13   1.0875747e-17   1.1435135e-17   1.0316359e-17          378    1.1685742e-17          0.9385017
    2.307569e+13   8.5452295e-18   8.9746434e-18   8.1158156e-18          396    9.5031287e-18         0.95800163
   2.5871601e+13   6.2578701e-18   6.6253449e-18   5.8903953e-18          290    7.6433403e-18         0.97917493
   2.8925202e+13   5.6795566e-18   5.9926807e-18   5.3664325e-18          329    6.1791573e-18           1.000496
   3.2703997e+13   4.3589302e-18   4.6093442e-18   4.1085162e-18          303    4.8884671e-18          1.0247526
   3.6860975e+13   3.5245475e-18   3.7497226e-18   3.2993724e-18          245    3.8892512e-18          1.0492239
   4.1276255e+13   2.8854022e-18   3.0740268e-18   2.6967775e-18          234    3.1319812e-18          1.0731496
   4.6302188e+13   2.1455555e-18   2.3082096e-18   1.9829013e-18          174    2.5126187e-18          1.0982666
   5.1801081e+13   1.9373023e-18   2.0736104e-18   1.8009942e-18          202    2.0252092e-18          1.1236262
   5.8370614e+13   1.5191519e-18   1.6336623e-18   1.4046415e-18          176    1.6090815e-18          1.1515456
   6.5619268e+13   1.0185223e-18   1.1122849e-18   9.2475973e-19          118    1.2834251e-18          1.1798957
   7.2960798e+13   9.0963204e-19   9.8734715e-19   8.3191693e-19          137    1.0450244e-18          1.2064536
   8.2167939e+13   6.7060465e-19    7.373323e-19   6.0387699e-19          101    8.2942438e-19          1.2372431
    9.263875e+13   6.6894473e-19   7.2901774e-19   6.0887172e-19          124    6.5627286e-19          1.2694684
   1.0347005e+14   5.0266056e-19   5.5317985e-19   4.5214127e-19           99    5.2834442e-19          1.3002472
   1.1542514e+14   4.8154935e-19   5.2832156e-19   4.3477714e-19          106    4.2594928e-19          1.3317367
   1.2898487e+14   3.6880237e-19   4.0684144e-19   3.3076331e-19           94    3.4183068e-19           1.364845
   1.4585416e+14    2.661393e-19   2.9707737e-19   2.3520124e-19           74    2.6755742e-19          1.4028562
    1.636169e+14   2.5278096e-19   2.8069595e-19   2.2486597e-19           82    2.1244012e-19          1.4397613
   1.8305179e+14    1.726309e-19   1.9491745e-19   1.5034435e-19           60    1.6930057e-19          1.4771391
   2.0609177e+14   1.4303703e-19   1.6181871e-19   1.2425535e-19           58    1.3294185e-19          1.5181158
   2.3385912e+14   9.9944205e-20   1.1501136e-19   8.4877049e-20           44    1.0247341e-19          1.5635797
   2.6007215e+14    8.239202e-20   9.5105385e-20   6.9678655e-20           42    8.2149939e-20           1.603278
   2.9117953e+14   7.0131303e-20   8.1361299e-20   5.8901307e-20           39    6.4776976e-20          1.6470527
   3.2317475e+14   4.5511782e-20   5.3963108e-20   3.7060457e-20           29     5.189275e-20          1.6889337
    3.713618e+14   4.5280236e-20   5.3284726e-20   3.7275745e-20           32    3.8449082e-20          1.7470979
   4.1231775e+14    4.188838e-20   4.9180211e-20   3.4596549e-20           33    3.0573474e-20          1.7927224
    4.647747e+14   2.0177638e-20   2.4933552e-20   1.5421723e-20           18    2.3421633e-20           1.846991
   5.1695464e+14   2.0834764e-20   2.5381282e-20   1.6288245e-20           21    1.8409603e-20            1.89712
   5.7000119e+14     1.42376e-20      1.7797e-20     1.06782e-20           16    1.4704552e-20          1.9447983
   6.4919292e+14   1.3586691e-20   1.6881948e-20   1.0291434e-20           17    1.0836476e-20          2.0108752
   7.2638987e+14   7.7825405e-21   1.0129065e-20   5.4360163e-21           11    8.2751287e-21           2.070433
   8.4481194e+14   6.3003978e-21   8.2927585e-21   4.3080371e-21           10    5.7027442e-21          2.1543324
   9.1164408e+14   6.1653892e-21    8.024324e-21   4.3064544e-21           11     4.704705e-21          2.1983817
   1.0157907e+15   4.5165061e-21   6.0220081e-21   3.0110041e-21            9    3.5582948e-21          2.2630884
   1.1769465e+15      3.5594e-21   4.8178379e-21    2.300962e-21            8    2.4032012e-21          2.3553736
   1.2799239e+15   1.5910682e-21   2.3866023e-21    7.955341e-22            4    1.9084515e-21          2.4102124
   1.4228666e+15   1.4208304e-21   2.1312457e-21   7.1041522e-22            4    1.4154374e-21          2.4819052
   1.6448766e+15   9.4852142e-22   1.4961505e-21   4.0089232e-22            3    9.2542764e-22          2.5847912
   1.8371371e+15   2.8115782e-22   5.6231563e-22               0            1    6.6041387e-22          2.6670858
   2.0613017e+15   2.5164854e-22   5.0329708e-22               0            1    4.5844441e-22          2.7565406
   2.3128186e+15   2.2361515e-22   4.4723031e-22               0            1    3.1341685e-22          2.8500194
   2.5950251e+15               0               0               0            0    2.1070058e-22          2.9477394
   2.9116661e+15   1.7760381e-22   3.5520761e-22               0            1    1.3905734e-22          3.0499288
   3.2669431e+15               0               0               0            0    8.9931522e-23          3.1568291
   3.6655704e+15               0               0               0            0    5.6878419e-23          3.2686966
   4.1128377e+15               0               0               0            0    3.5102835e-23          3.3858028
   4.6146798e+15               0               0               0            0     2.108815e-23          3.5084368
   5.1777558e+15               0               0               0            0    1.2298923e-23          3.6369081
   5.8095376e+15   8.9076831e-23   1.7815366e-22               0            1    6.9428069e-24          3.7715459
