# N. replications: 32 (out of 343 checked)
# distance range:   0.000000 160.227441
# V   = 122.000000 122.000000 122.000000
# D   =   0.000000   0.000000   1.000000
# L   = 128.000000 128.000000 128.000000
# A   = 180.000000
# IPD =   2.955956
#
   0   -1   0   0   122.000000 303.756481   2  0
   1   -1   0   1   122.147452 308.771760   2  0
   2   -1   1   0   122.147452 308.771760   2  0
   3   -1   1   1   122.294726 313.706870   2  0
   4    0  -1   0   122.000000 303.756481   2  0
   5    0  -1   1   122.147452 308.771760   2  0
   6    0   0  -1   122.000000 303.756481   2  0
   7    0   0   0     0.000000 211.310199   1  32
   8    0   0   1     6.000000 218.458234   2  36
   9    0   0   2   134.000000 313.706870   2  36
  10    0   1  -1   122.147452 308.771760   2  0
  11    0   1   0     6.000000 218.458234   2  0
  12    0   1   1     8.485281 225.379680   2  0
  13    0   1   2   134.134261 318.565535   2  0
  14    0   2   0   134.000000 313.706870   2  0
  15    0   2   1   134.134261 318.565535   2  0
  16    1  -1   0   122.147452 308.771760   2  0
  17    1  -1   1   122.294726 313.706870   2  0
  18    1   0  -1   122.147452 308.771760   2  0
  19    1   0   0     6.000000 218.458234   2  0
  20    1   0   1     8.485281 225.379680   2  0
  21    1   0   2   134.134261 318.565535   2  0
  22    1   1  -1   122.294726 313.706870   2  0
  23    1   1   0     8.485281 225.379680   2  0
  24    1   1   1    10.392305 232.094808   2  0
  25    1   1   2   134.268388 323.351202   2  0
  26    1   2   0   134.134261 318.565535   2  0
  27    1   2   1   134.268388 323.351202   2  0
  28    2   0   0   134.000000 313.706870   2  0
  29    2   0   1   134.134261 318.565535   2  0
  30    2   1   0   134.134261 318.565535   2  0
  31    2   1   1   134.268388 323.351202   2  0
