# Mass function for redshift 0.000000
# 1) mass (Msun/h)
# 2) n(m) (Mpc^-3 Msun^-1 h^4)
# 3) upper +1-sigma limit for n(m) (Mpc^-3 Msun^-1 h^4)
# 4) lower -1-sigma limit for n(m) (Mpc^-3 Msun^-1 h^4)
# 5) number of halos in the bin
# 6) analytical n(m) from Watson et al. 2013
# 7) peak height nu = delta_c / sigma(M,z), with delta_c = 1.686
#
    7.222045e+12   6.0809234e-17    6.242923e-17   5.9189238e-17         1409    8.5907978e-17         0.73664326
    8.286532e+12   4.7818759e-17   4.9850383e-17   4.5787135e-17          554    6.6176283e-17         0.75437088
   9.2988073e+12   4.1776678e-17   4.3119431e-17   4.0433924e-17          968    5.3176794e-17         0.76972614
   1.0358165e+13   3.4267233e-17   3.5987057e-17    3.254741e-17          397    4.3333571e-17         0.78452579
   1.1380441e+13   3.0814615e-17   3.1967823e-17   2.9661407e-17          714    3.6247409e-17         0.79778504
   1.2754164e+13    2.352096e-17   2.4528487e-17   2.2513433e-17          545    2.9200077e-17         0.81428911
   1.4443469e+13   1.9881325e-17   2.0637646e-17   1.9125004e-17          691    2.3062029e-17          0.8328862
   1.6527028e+13   1.5536781e-17   1.6205377e-17   1.4868184e-17          540      1.78587e-17         0.85375037
   1.8622524e+13   1.2544512e-17   1.3145285e-17   1.1943739e-17          436    1.4238128e-17         0.87288289
   2.0705787e+13   1.1307324e-17   1.1877703e-17   1.0736945e-17          393    1.1641828e-17          0.8904118
   2.3091085e+13    8.307862e-18   8.7312699e-18   7.8844542e-18          385    9.4643613e-18         0.90897904
   2.5898765e+13   6.6678685e-18   7.0471903e-18   6.2885467e-18          309    7.6103197e-18         0.92913834
     2.89782e+13   5.3170317e-18   5.6199977e-18   5.0140657e-18          308    6.1466432e-18         0.94951568
   3.2613741e+13   4.4596316e-18   4.7129216e-18   4.2063415e-18          310     4.908776e-18         0.97166408
   3.6829031e+13    3.452618e-18   3.6754835e-18   3.2297524e-18          240    3.8942815e-18         0.99523593
   4.1328798e+13   3.0333715e-18   3.2267722e-18   2.8399708e-18          246    3.1257869e-18           1.018365
   4.6140522e+13   1.9605938e-18    2.116079e-18   1.8051086e-18          159    2.5329373e-18          1.0411971
   5.1787521e+13   2.0044365e-18   2.1430863e-18   1.8657868e-18          209    2.0310508e-18           1.065936
   5.8363041e+13   1.4846257e-18   1.5978274e-18   1.3714241e-18          172     1.615257e-18          1.0924511
   6.5079726e+13   1.0962062e-18   1.1934788e-18   9.9893364e-19          127    1.3103683e-18          1.1174483
   7.2709386e+13   9.2955099e-19   1.0081124e-18    8.509896e-19          140    1.0585738e-18          1.1437393
   8.1930704e+13    7.701994e-19   8.4171061e-19   6.9868818e-19          116    8.4067161e-19          1.1730591
    9.185649e+13   5.2868213e-19   5.8208709e-19   4.7527717e-19           98    6.7368437e-19          1.2021561
   1.0296144e+14   5.4835697e-19   6.0112265e-19    4.955913e-19          108    5.3967708e-19          1.2322322
   1.1578338e+14    4.951781e-19   5.4260757e-19   4.4774864e-19          109    4.2921058e-19          1.2642907
    1.296006e+14   4.2765382e-19   4.6861562e-19   3.8669201e-19          109      3.44105e-19          1.2962106
   1.4628031e+14   2.1578862e-19   2.4364682e-19   1.8793043e-19           60    2.7106779e-19          1.3317739
   1.6330414e+14   2.2195401e-19   2.4811154e-19   1.9579648e-19           72    2.1792848e-19          1.3653195
   1.8360302e+14   2.1866581e-19   2.4374849e-19   1.9358312e-19           76    1.7251314e-19          1.4023413
   2.0678104e+14   1.3810472e-19   1.5655974e-19    1.196497e-19           56    1.3585711e-19          1.4413651
   2.2978613e+14   1.0448712e-19   1.1989291e-19   8.9081337e-20           46    1.0972894e-19          1.4772777
   2.5753851e+14    7.846859e-20   9.0875564e-20   6.6061617e-20           40    8.6940277e-20          1.5175166
   2.9004546e+14    7.372778e-20   8.5242124e-20   6.2213435e-20           41    6.8044567e-20          1.5611114
   3.2684121e+14   6.5913616e-20   7.6084308e-20   5.5742924e-20           42    5.3049101e-20          1.6066881
   3.6641598e+14   2.9715155e-20   3.6199533e-20   2.3230776e-20           21     4.168551e-20          1.6520488
   4.1001593e+14    4.188838e-20   4.9180211e-20   3.4596549e-20           33    3.2786716e-20          1.6984144
   4.6440488e+14   2.8024497e-20   3.3629396e-20   2.2419597e-20           25     2.503085e-20          1.7519058
   5.2100189e+14    2.480329e-20   2.9763948e-20   1.9842632e-20           25      1.94319e-20          1.8033678
    5.773411e+14    1.334775e-20   1.6794124e-20   9.9013757e-21           15    1.5444588e-20          1.8510851
   6.5791612e+14   1.2787474e-20   1.5984342e-20   9.5906055e-21           16    1.1469061e-20          1.9143287
   7.2484137e+14   1.2735066e-20    1.573675e-20   9.7333824e-21           18    9.1584803e-21          1.9631419
   7.9077191e+14   4.4102784e-21    6.077207e-21   2.7433499e-21            7    7.4566031e-21          2.0084639
   9.3866223e+14   7.2863691e-21   9.3072443e-21   5.2654939e-21           13     4.922379e-21          2.1019601
   1.0336758e+15   5.0183401e-21   6.6052786e-21   3.4314016e-21           10    3.8709065e-21          2.1571429
   1.1407792e+15      1.7797e-21     2.66955e-21   8.8984999e-22            4    3.0108457e-21          2.2156083
   1.3058769e+15   4.7732046e-21   6.1511101e-21   3.3952991e-21           12    2.1121938e-21          2.2992796
   1.4646445e+15   1.0656228e-21   1.6808605e-21    4.503852e-22            3    1.5477284e-21          2.3736647
   1.6676646e+15   1.2646952e-21   1.8970428e-21   6.3234762e-22            4    1.0753964e-21          2.4617529
   1.8371371e+15   2.8115782e-22   5.6231563e-22               0            1    8.1211552e-22          2.5302855
   2.0613017e+15   2.5164854e-22   5.0329708e-22               0            1    5.7490306e-22          2.6151519
   2.3471602e+15   8.9446062e-22   1.3416909e-21   4.4723031e-22            4    3.8305096e-22          2.7154758
   2.5950251e+15   1.9934284e-22   3.9868568e-22               0            1    2.7622489e-22          2.7965438
   2.9116661e+15               0               0               0            0    1.8694376e-22          2.8934916
   3.2669431e+15   1.5837697e-22   3.1675394e-22               0            1    1.2425158e-22          2.9949088
   3.6655704e+15               0               0               0            0    8.0956174e-23          3.1010384
   4.1128377e+15               0               0               0            0    5.1605042e-23           3.212138
   4.6146798e+15               0               0               0            0    3.2112652e-23          3.3284819
   5.1777558e+15               0               0               0            0    1.9460284e-23          3.4503635
   5.8095376e+15   8.9076831e-23   1.7815366e-22               0            1     1.145373e-23          3.5780955
